Starting QoRTs v1.3.6 (Compiled Tue Sep 25 11:21:46 EDT 2018)
Starting time: (Sun Mar 26 19:57:00 EDT 2023)
INPUT_COMMAND(QC)
  INPUT_ARG(infile)=/athena/angsd/scratch/naw4005/alignments/SRR8367787_control.Aligned.sortedByCoord.out.bam
  INPUT_ARG(gtffile)=/athena/angsd/scratch/naw4005/hg38.ensGene.gtf
  INPUT_ARG(outdir)=/athena/angsd/scratch/naw4005/qort_out/SRR8367787_control/
  INPUT_ARG(stranded)=true
Created Log File: /athena/angsd/scratch/naw4005/qort_out/SRR8367787_control//QC.kZqz4Md4TNOr.log
Warning: run-in-progress file "/athena/angsd/scratch/naw4005/qort_out/SRR8367787_control//QC.QORTS_RUNNING" already exists. Is there another QoRTs job running?
Starting QC
[Time: 2023-03-26 19:57:00] [Mem usage: [25MB / 679MB]] [Elapsed Time: 00:00:00.0000]
QoRTs is Running in paired-end mode.
QoRTs is Running in any-sorted mode.
No parameter --genomeFA found.
NOTE: Function "overlapMatch" requires function "mismatchEngine". Adding "mismatchEngine" to the active function list...
Running functions: CigarOpDistribution, GCDistribution, GeneCalcs, InsertSize, 
        JunctionCalcs, NVC, QualityScoreDistribution, StrandCheck, 
        chromCounts, cigarLocusCounts, mismatchEngine, overlapMatch, 
        readLengthDistro, writeBiotypeCounts, writeClippedNVC, 
        writeDESeq, writeDEXSeq, writeGeneBody, writeGeneCounts, 
        writeGenewiseGeneBody, writeJunctionSeqCounts, 
        writeKnownSplices, writeNovelSplices, writeSpliceExon
Checking first 10000 reads. Checking SAM file for formatting errors...
   Stats on the first 10000 reads:
        Num Reads Primary Map:    2871
        Num Reads Paired-ended:   10000
        Num Reads mapped pair:    2871
        Num Pair names found:     1446
        Num Pairs matched:        1425
        Read Seq length:          50 to 50
        Unclipped Read length:    50 to 50
        Final maxReadLength:      50
        maxPhredScore:            40
        minPhredScore:            2
   Note: Data appears to be paired-ended.
   Sorting Note: Reads are not sorted by name (This is OK).
   Sorting Note: Reads are sorted by position (This is OK).
Done checking first 10000 reads. WARNINGS FOUND!
SAMRecord Reader Generated. Read length: 50.
[Time: 2023-03-26 19:57:02] [Mem usage: [163MB / 679MB]] [Elapsed Time: 00:00:02.0171]
> Init GeneCalcs Utility
> Init InsertSize Utility
Compiling flat feature annotation, internally in memory...
FlatteningGtf: starting...(2023-03-26 19:57:20)
    FlatteningGtf: gtf file read complete.(2023-03-26 19:57:44)
    FlatteningGtf: Splice Junction Map read.(2023-03-26 19:57:46)
    FlatteningGtf: gene Sets generated.(2023-03-26 19:57:47)
    FlatteningGtf: Aggregate Sets built.
    FlatteningGtf: Compiling Aggregate Info . . . (2023-03-26 19:57:47)
    FlatteningGtf: Finished Compiling Aggregate Info. (2023-03-26 19:57:47)
    FlatteningGtf: Iterating through the step-vector...(2023-03-26 19:57:47)
    FlatteningGtf: Adding the aggregate genes themselves...(2023-03-26 19:57:49)
    FlatteningGtf: Iterating through the splice junctions...(2023-03-26 19:57:50)
    FlatteningGtf: Sorting the aggregate genes...(2023-03-26 19:57:51)
    FlatteningGtf: Folding the FlatGtfLine iterator...(2023-03-26 19:57:52)
    FlatteningGtf: Features Built.(2023-03-26 19:57:52)
Internal flat feature annotation compiled!
> Init NVC utility
> Init CigarOpDistribution Utility
> Init QualityScoreDistribution Utility
> Init GC counts Utility
> Init JunctionCalcs utility
length of knownSpliceMap after instantiation: 369079
length of knownCountMap after instantiation: 369079
> Init StrandCheck Utility
> Init chromCount Utility
> Init qcCigarLocusCounts Utility
> Init OverlapMatch Utility
> Init MinorUtils Utility
QC Utilities Generated!
[Time: 2023-03-26 19:57:57] [Mem usage: [1399MB / 3154MB]] [Elapsed Time: 00:00:56.0422]
helper_calculateGeneAssignmentMap_strict. Found: 64252 genes in the supplied annotation.
helper_calculateGeneAssignmentMap_strict. Found: 6704 genes with ambiguous segments.
helper_calculateGeneAssignmentMap_strict. Found: 57548 genes after first-pass filtering
making makeGeneIntervalMap for geneBody calculations. Found: 57548 acceptable genes for gene-body analysis.
..........[1000000 Read-Pairs processed] [Time: 2023-03-26 19:59:19] 
..........[2000000 Read-Pairs processed] [Time: 2023-03-26 20:00:25] 
..........[3000000 Read-Pairs processed] [Time: 2023-03-26 20:01:26] 
..........[4000000 Read-Pairs processed] [Time: 2023-03-26 20:02:31] 
..........[5000000 Read-Pairs processed] [Time: 2023-03-26 20:03:38] 
........
NOTE: Unmatched Read Buffer Size > 100000 [Mem usage:[2183MB / 4223MB]]
    (This is generally not a problem, but if this increases further then OutOfMemoryExceptions
    may occur.
    If memory errors do occur, either increase memory allocation or sort the bam-file by name
    and rerun with the '--nameSorted' option.
    This might also indicate that your dataset contains an unusually large number of
    chimeric read-pairs. Or it could occur simply due to the presence of genomic
    loci with extremly high coverage. It may also indicate a SAM/BAM file that 
    does not adhere to the standard SAM specification.)
.
NOTE: Unmatched Read Buffer Size > 200000 [Mem usage:[2675MB / 4223MB]]
NOTE: Unmatched Read Buffer Size > 400000 [Mem usage:[3410MB / 4223MB]]
.[6000000 Read-Pairs processed] [Time: 2023-03-26 20:04:36] 
..........[7000000 Read-Pairs processed] [Time: 2023-03-26 20:05:11] 
..........[8000000 Read-Pairs processed] [Time: 2023-03-26 20:06:11] 
..........[9000000 Read-Pairs processed] [Time: 2023-03-26 20:07:14] 
..........[10000000 Read-Pairs processed] [Time: 2023-03-26 20:08:22] 
..........[11000000 Read-Pairs processed] [Time: 2023-03-26 20:09:25] 
..........[12000000 Read-Pairs processed] [Time: 2023-03-26 20:10:31] 
..........[13000000 Read-Pairs processed] [Time: 2023-03-26 20:11:17] 
..........[14000000 Read-Pairs processed] [Time: 2023-03-26 20:12:01] 
..........[15000000 Read-Pairs processed] [Time: 2023-03-26 20:13:10] 
..........[16000000 Read-Pairs processed] [Time: 2023-03-26 20:14:17] 
..........[17000000 Read-Pairs processed] [Time: 2023-03-26 20:15:25] 
..........[18000000 Read-Pairs processed] [Time: 2023-03-26 20:16:34] 
..........[19000000 Read-Pairs processed] [Time: 2023-03-26 20:17:38] 
..........[20000000 Read-Pairs processed] [Time: 2023-03-26 20:18:42] 
..........[21000000 Read-Pairs processed] [Time: 2023-03-26 20:19:36] 
.........
Finished reading SAM. Read: 21922594 reads/read-pairs.
Finished reading SAM. Used: 18924929 reads/read-pairs.
[Time: 2023-03-26 20:20:25] [Mem usage: [3567MB / 4223MB]] [Elapsed Time: 00:23:24.0377]
> Read Stats:
>   READ_PAIR_OK                   18924929
>   TOTAL_READ_PAIRS               21922594
>   DROPPED_NOT_PROPER_PAIR        0
>   DROPPED_READ_FAILS_VENDOR_QC   0
>   DROPPED_MARKED_NOT_VALID       0
>   DROPPED_CHROMS_MISMATCH        0
>   DROPPED_PAIR_STRANDS_MISMATCH  0
>   DROPPED_IGNORED_CHROMOSOME     0
>   DROPPED_NOT_UNIQUE_ALIGNMENT   2997665
>   DROPPED_NO_ALN_BLOCKS   0
>   DROPPED_NOT_MARKED_RG   -1
Pre-alignment read count unknown (Set --seqReadCt or --rawfastq)
Writing Output...
DEBUG NOTE: IncludeGenesSet.size: 57548
DEBUG NOTE: sortedReadCountSeq.size: 21293
DEBUG NOTE: coverageThresholds: 10646;15969;19163;21293
DEBUG NOTE: coverageSpans: [(0,10646);(10646,15969);(15969,19163);(19163,21293)]
DEBUG NOTE:	[1.bottomHalf][0.5] = [0,10646]
DEBUG NOTE:	[2.upperMidQuartile][0.75] = [10646,15969]
DEBUG NOTE:	[3.75to90][0.9] = [15969,19163]
DEBUG NOTE:	[4.high][1.0] = [19163,21293]
      (DEBUG) Generating Biotype Map [2023-03-26 20:20:27]
      (DEBUG) Extracted gene BioType using key "gene_biotype".
              Found 0 types: []
      (DEBUG) Finished Biotype Map [2023-03-26 20:20:49]
length of knownCountMap after run: 369079
QoRTs completed WITH WARNINGS! See log for details.
Done.
Time spent on setup:           00:00:56.0422
Time spent on SAM iteration:   00:22:27.0955
                               (1.0240576457329822 minutes per million read-pairs)
                               (1.1862660092410386 minutes per million read-pairs used)
Time spent on file output:     00:00:29.0048
Total runtime:                 00:23:53.0425
Done. (Sun Mar 26 20:20:54 EDT 2023)
