Starting QoRTs v1.3.6 (Compiled Tue Sep 25 11:21:46 EDT 2018)
Starting time: (Sun Mar 26 18:38:15 EDT 2023)
INPUT_COMMAND(QC)
  INPUT_ARG(infile)=/athena/angsd/scratch/naw4005/alignments/SRR8367773_control.Aligned.sortedByCoord.out.bam
  INPUT_ARG(gtffile)=/athena/angsd/scratch/naw4005/hg38.ensGene.gtf
  INPUT_ARG(outdir)=/athena/angsd/scratch/naw4005/qort_out/SRR8367773_control/
  INPUT_ARG(stranded)=true
Created Log File: /athena/angsd/scratch/naw4005/qort_out/SRR8367773_control//QC.lZSxMYu7b3ka.log
Warning: run-in-progress file "/athena/angsd/scratch/naw4005/qort_out/SRR8367773_control//QC.QORTS_RUNNING" already exists. Is there another QoRTs job running?
Starting QC
[Time: 2023-03-26 18:38:15] [Mem usage: [25MB / 679MB]] [Elapsed Time: 00:00:00.0000]
QoRTs is Running in paired-end mode.
QoRTs is Running in any-sorted mode.
No parameter --genomeFA found.
NOTE: Function "overlapMatch" requires function "mismatchEngine". Adding "mismatchEngine" to the active function list...
Running functions: CigarOpDistribution, GCDistribution, GeneCalcs, InsertSize, 
        JunctionCalcs, NVC, QualityScoreDistribution, StrandCheck, 
        chromCounts, cigarLocusCounts, mismatchEngine, overlapMatch, 
        readLengthDistro, writeBiotypeCounts, writeClippedNVC, 
        writeDESeq, writeDEXSeq, writeGeneBody, writeGeneCounts, 
        writeGenewiseGeneBody, writeJunctionSeqCounts, 
        writeKnownSplices, writeNovelSplices, writeSpliceExon
Checking first 10000 reads. Checking SAM file for formatting errors...
   Stats on the first 10000 reads:
        Num Reads Primary Map:    2869
        Num Reads Paired-ended:   10000
        Num Reads mapped pair:    2869
        Num Pair names found:     1438
        Num Pairs matched:        1431
        Read Seq length:          50 to 50
        Unclipped Read length:    50 to 50
        Final maxReadLength:      50
        maxPhredScore:            40
        minPhredScore:            2
   Note: Data appears to be paired-ended.
   Sorting Note: Reads are not sorted by name (This is OK).
   Sorting Note: Reads are sorted by position (This is OK).
Done checking first 10000 reads. WARNINGS FOUND!
SAMRecord Reader Generated. Read length: 50.
[Time: 2023-03-26 18:38:17] [Mem usage: [162MB / 679MB]] [Elapsed Time: 00:00:02.0671]
> Init GeneCalcs Utility
> Init InsertSize Utility
Compiling flat feature annotation, internally in memory...
FlatteningGtf: starting...(2023-03-26 18:38:35)
    FlatteningGtf: gtf file read complete.(2023-03-26 18:39:00)
    FlatteningGtf: Splice Junction Map read.(2023-03-26 18:39:01)
    FlatteningGtf: gene Sets generated.(2023-03-26 18:39:03)
    FlatteningGtf: Aggregate Sets built.
    FlatteningGtf: Compiling Aggregate Info . . . (2023-03-26 18:39:03)
    FlatteningGtf: Finished Compiling Aggregate Info. (2023-03-26 18:39:03)
    FlatteningGtf: Iterating through the step-vector...(2023-03-26 18:39:03)
    FlatteningGtf: Adding the aggregate genes themselves...(2023-03-26 18:39:05)
    FlatteningGtf: Iterating through the splice junctions...(2023-03-26 18:39:05)
    FlatteningGtf: Sorting the aggregate genes...(2023-03-26 18:39:07)
    FlatteningGtf: Folding the FlatGtfLine iterator...(2023-03-26 18:39:07)
    FlatteningGtf: Features Built.(2023-03-26 18:39:07)
Internal flat feature annotation compiled!
> Init NVC utility
> Init CigarOpDistribution Utility
> Init QualityScoreDistribution Utility
> Init GC counts Utility
> Init JunctionCalcs utility
length of knownSpliceMap after instantiation: 369079
length of knownCountMap after instantiation: 369079
> Init StrandCheck Utility
> Init chromCount Utility
> Init qcCigarLocusCounts Utility
> Init OverlapMatch Utility
> Init MinorUtils Utility
QC Utilities Generated!
[Time: 2023-03-26 18:39:12] [Mem usage: [2551MB / 4194MB]] [Elapsed Time: 00:00:57.0061]
helper_calculateGeneAssignmentMap_strict. Found: 64252 genes in the supplied annotation.
helper_calculateGeneAssignmentMap_strict. Found: 6704 genes with ambiguous segments.
helper_calculateGeneAssignmentMap_strict. Found: 57548 genes after first-pass filtering
making makeGeneIntervalMap for geneBody calculations. Found: 57548 acceptable genes for gene-body analysis.
..........[1000000 Read-Pairs processed] [Time: 2023-03-26 18:40:36] 
..........[2000000 Read-Pairs processed] [Time: 2023-03-26 18:41:39] 
..........[3000000 Read-Pairs processed] [Time: 2023-03-26 18:42:43] 
..........[4000000 Read-Pairs processed] [Time: 2023-03-26 18:43:46] 
.......
NOTE: Unmatched Read Buffer Size > 100000 [Mem usage:[2182MB / 4492MB]]
    (This is generally not a problem, but if this increases further then OutOfMemoryExceptions
    may occur.
    If memory errors do occur, either increase memory allocation or sort the bam-file by name
    and rerun with the '--nameSorted' option.
    This might also indicate that your dataset contains an unusually large number of
    chimeric read-pairs. Or it could occur simply due to the presence of genomic
    loci with extremly high coverage. It may also indicate a SAM/BAM file that 
    does not adhere to the standard SAM specification.)
.
NOTE: Unmatched Read Buffer Size > 200000 [Mem usage:[2651MB / 4492MB]]
..[5000000 Read-Pairs processed] [Time: 2023-03-26 18:44:38] 
..........[6000000 Read-Pairs processed] [Time: 2023-03-26 18:45:15] 
..........[7000000 Read-Pairs processed] [Time: 2023-03-26 18:46:15] 
..........[8000000 Read-Pairs processed] [Time: 2023-03-26 18:47:18] 
..........[9000000 Read-Pairs processed] [Time: 2023-03-26 18:48:24] 
..........[10000000 Read-Pairs processed] [Time: 2023-03-26 18:49:27] 
..........[11000000 Read-Pairs processed] [Time: 2023-03-26 18:50:02] 
..........[12000000 Read-Pairs processed] [Time: 2023-03-26 18:50:38] 
..........[13000000 Read-Pairs processed] [Time: 2023-03-26 18:51:35] 
..........[14000000 Read-Pairs processed] [Time: 2023-03-26 18:52:40] 
..........[15000000 Read-Pairs processed] [Time: 2023-03-26 18:53:44] 
..........[16000000 Read-Pairs processed] [Time: 2023-03-26 18:54:51] 
..........[17000000 Read-Pairs processed] [Time: 2023-03-26 18:55:55] 
..........[18000000 Read-Pairs processed] [Time: 2023-03-26 18:56:53] 
..........[19000000 Read-Pairs processed] [Time: 2023-03-26 18:57:51] 
......
Finished reading SAM. Read: 19690425 reads/read-pairs.
Finished reading SAM. Used: 16224189 reads/read-pairs.
[Time: 2023-03-26 18:58:35] [Mem usage: [4004MB / 4492MB]] [Elapsed Time: 00:20:20.0015]
> Read Stats:
>   READ_PAIR_OK                   16224189
>   TOTAL_READ_PAIRS               19690425
>   DROPPED_NOT_PROPER_PAIR        0
>   DROPPED_READ_FAILS_VENDOR_QC   0
>   DROPPED_MARKED_NOT_VALID       0
>   DROPPED_CHROMS_MISMATCH        0
>   DROPPED_PAIR_STRANDS_MISMATCH  0
>   DROPPED_IGNORED_CHROMOSOME     0
>   DROPPED_NOT_UNIQUE_ALIGNMENT   3466236
>   DROPPED_NO_ALN_BLOCKS   0
>   DROPPED_NOT_MARKED_RG   -1
Pre-alignment read count unknown (Set --seqReadCt or --rawfastq)
Writing Output...
DEBUG NOTE: IncludeGenesSet.size: 57548
DEBUG NOTE: sortedReadCountSeq.size: 36351
DEBUG NOTE: coverageThresholds: 18175;27263;32715;36351
DEBUG NOTE: coverageSpans: [(0,18175);(18175,27263);(27263,32715);(32715,36351)]
DEBUG NOTE:	[1.bottomHalf][0.5] = [0,18175]
DEBUG NOTE:	[2.upperMidQuartile][0.75] = [18175,27263]
DEBUG NOTE:	[3.75to90][0.9] = [27263,32715]
DEBUG NOTE:	[4.high][1.0] = [32715,36351]
      (DEBUG) Generating Biotype Map [2023-03-26 18:58:38]
      (DEBUG) Extracted gene BioType using key "gene_biotype".
              Found 0 types: []
      (DEBUG) Finished Biotype Map [2023-03-26 18:59:01]
length of knownCountMap after run: 369079
QoRTs completed WITH WARNINGS! See log for details.
Done.
Time spent on setup:           00:00:57.0061
Time spent on SAM iteration:   00:19:22.0955
                               (0.9835575751496815 minutes per million read-pairs)
                               (1.193690893681445 minutes per million read-pairs used)
Time spent on file output:     00:00:31.0744
Total runtime:                 00:20:51.0760
Done. (Sun Mar 26 18:59:06 EDT 2023)
