Starting QoRTs v1.3.6 (Compiled Tue Sep 25 11:21:46 EDT 2018)
Starting time: (Sun Mar 26 21:27:30 EDT 2023)
INPUT_COMMAND(QC)
  INPUT_ARG(infile)=/athena/angsd/scratch/naw4005/alignments/SRR8368061_BP1.Aligned.sortedByCoord.out.bam
  INPUT_ARG(gtffile)=/athena/angsd/scratch/naw4005/hg38.ensGene.gtf
  INPUT_ARG(outdir)=/athena/angsd/scratch/naw4005/qort_out/SRR8368061_BP1/
  INPUT_ARG(stranded)=true
Created Log File: /athena/angsd/scratch/naw4005/qort_out/SRR8368061_BP1//QC.3LyfOo5tR4dt.log
Warning: run-in-progress file "/athena/angsd/scratch/naw4005/qort_out/SRR8368061_BP1//QC.QORTS_RUNNING" already exists. Is there another QoRTs job running?
Starting QC
[Time: 2023-03-26 21:27:30] [Mem usage: [25MB / 679MB]] [Elapsed Time: 00:00:00.0000]
QoRTs is Running in paired-end mode.
QoRTs is Running in any-sorted mode.
No parameter --genomeFA found.
NOTE: Function "overlapMatch" requires function "mismatchEngine". Adding "mismatchEngine" to the active function list...
Running functions: CigarOpDistribution, GCDistribution, GeneCalcs, InsertSize, 
        JunctionCalcs, NVC, QualityScoreDistribution, StrandCheck, 
        chromCounts, cigarLocusCounts, mismatchEngine, overlapMatch, 
        readLengthDistro, writeBiotypeCounts, writeClippedNVC, 
        writeDESeq, writeDEXSeq, writeGeneBody, writeGeneCounts, 
        writeGenewiseGeneBody, writeJunctionSeqCounts, 
        writeKnownSplices, writeNovelSplices, writeSpliceExon
Checking first 10000 reads. Checking SAM file for formatting errors...
   Stats on the first 10000 reads:
        Num Reads Primary Map:    2584
        Num Reads Paired-ended:   10000
        Num Reads mapped pair:    2584
        Num Pair names found:     1292
        Num Pairs matched:        1292
        Read Seq length:          50 to 50
        Unclipped Read length:    50 to 50
        Final maxReadLength:      50
        maxPhredScore:            40
        minPhredScore:            2
   Note: Data appears to be paired-ended.
   Sorting Note: Reads are not sorted by name (This is OK).
   Sorting Note: Reads are sorted by position (This is OK).
Done checking first 10000 reads. WARNINGS FOUND!
SAMRecord Reader Generated. Read length: 50.
[Time: 2023-03-26 21:27:33] [Mem usage: [67MB / 679MB]] [Elapsed Time: 00:00:02.0549]
> Init GeneCalcs Utility
> Init InsertSize Utility
Compiling flat feature annotation, internally in memory...
FlatteningGtf: starting...(2023-03-26 21:27:51)
    FlatteningGtf: gtf file read complete.(2023-03-26 21:28:18)
    FlatteningGtf: Splice Junction Map read.(2023-03-26 21:28:20)
    FlatteningGtf: gene Sets generated.(2023-03-26 21:28:22)
    FlatteningGtf: Aggregate Sets built.
    FlatteningGtf: Compiling Aggregate Info . . . (2023-03-26 21:28:22)
    FlatteningGtf: Finished Compiling Aggregate Info. (2023-03-26 21:28:22)
    FlatteningGtf: Iterating through the step-vector...(2023-03-26 21:28:22)
    FlatteningGtf: Adding the aggregate genes themselves...(2023-03-26 21:28:24)
    FlatteningGtf: Iterating through the splice junctions...(2023-03-26 21:28:24)
    FlatteningGtf: Sorting the aggregate genes...(2023-03-26 21:28:26)
    FlatteningGtf: Folding the FlatGtfLine iterator...(2023-03-26 21:28:26)
    FlatteningGtf: Features Built.(2023-03-26 21:28:26)
Internal flat feature annotation compiled!
> Init NVC utility
> Init CigarOpDistribution Utility
> Init QualityScoreDistribution Utility
> Init GC counts Utility
> Init JunctionCalcs utility
length of knownSpliceMap after instantiation: 369079
length of knownCountMap after instantiation: 369079
> Init StrandCheck Utility
> Init chromCount Utility
> Init qcCigarLocusCounts Utility
> Init OverlapMatch Utility
> Init MinorUtils Utility
QC Utilities Generated!
[Time: 2023-03-26 21:28:31] [Mem usage: [1347MB / 3254MB]] [Elapsed Time: 00:01:00.0468]
helper_calculateGeneAssignmentMap_strict. Found: 64252 genes in the supplied annotation.
helper_calculateGeneAssignmentMap_strict. Found: 6704 genes with ambiguous segments.
helper_calculateGeneAssignmentMap_strict. Found: 57548 genes after first-pass filtering
making makeGeneIntervalMap for geneBody calculations. Found: 57548 acceptable genes for gene-body analysis.
..........[1000000 Read-Pairs processed] [Time: 2023-03-26 21:29:56] 
..........[2000000 Read-Pairs processed] [Time: 2023-03-26 21:30:59] 
..........[3000000 Read-Pairs processed] [Time: 2023-03-26 21:32:04] 
.....
NOTE: Unmatched Read Buffer Size > 100000 [Mem usage:[1898MB / 4747MB]]
    (This is generally not a problem, but if this increases further then OutOfMemoryExceptions
    may occur.
    If memory errors do occur, either increase memory allocation or sort the bam-file by name
    and rerun with the '--nameSorted' option.
    This might also indicate that your dataset contains an unusually large number of
    chimeric read-pairs. Or it could occur simply due to the presence of genomic
    loci with extremly high coverage. It may also indicate a SAM/BAM file that 
    does not adhere to the standard SAM specification.)
...
NOTE: Unmatched Read Buffer Size > 200000 [Mem usage:[3129MB / 4747MB]]
NOTE: Unmatched Read Buffer Size > 400000 [Mem usage:[3381MB / 4747MB]]
..[4000000 Read-Pairs processed] [Time: 2023-03-26 21:32:56] 
NOTE: Unmatched Read Buffer Size > 800000 [Mem usage:[3114MB / 4747MB]]
.
NOTE: Unmatched Read Buffer Size > 1600000 [Mem usage:[3521MB / 4747MB]]
.........[5000000 Read-Pairs processed] [Time: 2023-03-26 21:33:20] 
..........[6000000 Read-Pairs processed] [Time: 2023-03-26 21:34:21] 
..........[7000000 Read-Pairs processed] [Time: 2023-03-26 21:35:10] 
..........[8000000 Read-Pairs processed] [Time: 2023-03-26 21:35:30] 
..........[9000000 Read-Pairs processed] [Time: 2023-03-26 21:35:50] 
..........[10000000 Read-Pairs processed] [Time: 2023-03-26 21:36:50] 
..........[11000000 Read-Pairs processed] [Time: 2023-03-26 21:37:54] 
..........[12000000 Read-Pairs processed] [Time: 2023-03-26 21:38:57] 
..........[13000000 Read-Pairs processed] [Time: 2023-03-26 21:39:33] 
..........[14000000 Read-Pairs processed] [Time: 2023-03-26 21:40:02] 
..........[15000000 Read-Pairs processed] [Time: 2023-03-26 21:41:04] 
..........[16000000 Read-Pairs processed] [Time: 2023-03-26 21:42:07] 
..........[17000000 Read-Pairs processed] [Time: 2023-03-26 21:43:20] 
..........[18000000 Read-Pairs processed] [Time: 2023-03-26 21:44:21] 
..........[19000000 Read-Pairs processed] [Time: 2023-03-26 21:44:56] 
.......
Finished reading SAM. Read: 19787562 reads/read-pairs.
Finished reading SAM. Used: 14040467 reads/read-pairs.
[Time: 2023-03-26 21:45:36] [Mem usage: [3034MB / 5GB]] [Elapsed Time: 00:18:06.0272]
> Read Stats:
>   READ_PAIR_OK                   14040467
>   TOTAL_READ_PAIRS               19787562
>   DROPPED_NOT_PROPER_PAIR        0
>   DROPPED_READ_FAILS_VENDOR_QC   0
>   DROPPED_MARKED_NOT_VALID       0
>   DROPPED_CHROMS_MISMATCH        0
>   DROPPED_PAIR_STRANDS_MISMATCH  0
>   DROPPED_IGNORED_CHROMOSOME     0
>   DROPPED_NOT_UNIQUE_ALIGNMENT   5747095
>   DROPPED_NO_ALN_BLOCKS   0
>   DROPPED_NOT_MARKED_RG   -1
Pre-alignment read count unknown (Set --seqReadCt or --rawfastq)
Writing Output...
DEBUG NOTE: IncludeGenesSet.size: 57548
DEBUG NOTE: sortedReadCountSeq.size: 20012
DEBUG NOTE: coverageThresholds: 10006;15009;18010;20012
DEBUG NOTE: coverageSpans: [(0,10006);(10006,15009);(15009,18010);(18010,20012)]
DEBUG NOTE:	[1.bottomHalf][0.5] = [0,10006]
DEBUG NOTE:	[2.upperMidQuartile][0.75] = [10006,15009]
DEBUG NOTE:	[3.75to90][0.9] = [15009,18010]
DEBUG NOTE:	[4.high][1.0] = [18010,20012]
      (DEBUG) Generating Biotype Map [2023-03-26 21:45:39]
      (DEBUG) Extracted gene BioType using key "gene_biotype".
              Found 0 types: []
      (DEBUG) Finished Biotype Map [2023-03-26 21:46:04]
length of knownCountMap after run: 369079
QoRTs completed WITH WARNINGS! See log for details.
Done.
Time spent on setup:           00:01:00.0468
Time spent on SAM iteration:   00:17:05.0805
                               (0.8633369453666566 minutes per million read-pairs)
                               (1.216721162717261 minutes per million read-pairs used)
Time spent on file output:     00:00:31.0905
Total runtime:                 00:18:38.0178
Done. (Sun Mar 26 21:46:08 EDT 2023)
