Starting QoRTs v1.3.6 (Compiled Tue Sep 25 11:21:46 EDT 2018)
Starting time: (Sun Mar 26 18:36:45 EDT 2023)
INPUT_COMMAND(QC)
  INPUT_ARG(infile)=/athena/angsd/scratch/naw4005/alignments/.Aligned.sortedByCoord.out.bam
  INPUT_ARG(gtffile)=/athena/angsd/scratch/naw4005/hg38.ensGene.gtf
  INPUT_ARG(outdir)=/athena/angsd/scratch/naw4005/qort_out/SRR8368061_BP1/
  INPUT_ARG(stranded)=true
Created Log File: /athena/angsd/scratch/naw4005/qort_out/SRR8368061_BP1//QC.lCxKQzMCRPqW.log
Starting QC
[Time: 2023-03-26 18:36:45] [Mem usage: [25MB / 679MB]] [Elapsed Time: 00:00:00.0000]
QoRTs is Running in paired-end mode.
QoRTs is Running in any-sorted mode.
No parameter --genomeFA found.
NOTE: Function "overlapMatch" requires function "mismatchEngine". Adding "mismatchEngine" to the active function list...
Running functions: CigarOpDistribution, GCDistribution, GeneCalcs, InsertSize, 
        JunctionCalcs, NVC, QualityScoreDistribution, StrandCheck, 
        chromCounts, cigarLocusCounts, mismatchEngine, overlapMatch, 
        readLengthDistro, writeBiotypeCounts, writeClippedNVC, 
        writeDESeq, writeDEXSeq, writeGeneBody, writeGeneCounts, 
        writeGenewiseGeneBody, writeJunctionSeqCounts, 
        writeKnownSplices, writeNovelSplices, writeSpliceExon
Checking first 10000 reads. Checking SAM file for formatting errors...
============================FATAL_ERROR============================
QoRTs encountered a FATAL ERROR. For general help, use command:
          java -jar path/to/jar/QoRTs.jar --man
============================FATAL_ERROR============================
Error info:
