Starting QoRTs v1.3.6 (Compiled Tue Sep 25 11:21:46 EDT 2018)
Starting time: (Sun Mar 26 20:39:28 EDT 2023)
INPUT_COMMAND(QC)
  INPUT_ARG(infile)=/athena/angsd/scratch/naw4005/alignments/SRR8368044_BP1.Aligned.sortedByCoord.out.bam
  INPUT_ARG(gtffile)=/athena/angsd/scratch/naw4005/hg38.ensGene.gtf
  INPUT_ARG(outdir)=/athena/angsd/scratch/naw4005/qort_out/SRR8368044_BP1/
  INPUT_ARG(stranded)=true
Created Log File: /athena/angsd/scratch/naw4005/qort_out/SRR8368044_BP1//QC.CjlVtj4uouXi.log
Warning: run-in-progress file "/athena/angsd/scratch/naw4005/qort_out/SRR8368044_BP1//QC.QORTS_RUNNING" already exists. Is there another QoRTs job running?
Starting QC
[Time: 2023-03-26 20:39:28] [Mem usage: [25MB / 679MB]] [Elapsed Time: 00:00:00.0000]
QoRTs is Running in paired-end mode.
QoRTs is Running in any-sorted mode.
No parameter --genomeFA found.
NOTE: Function "overlapMatch" requires function "mismatchEngine". Adding "mismatchEngine" to the active function list...
Running functions: CigarOpDistribution, GCDistribution, GeneCalcs, InsertSize, 
        JunctionCalcs, NVC, QualityScoreDistribution, StrandCheck, 
        chromCounts, cigarLocusCounts, mismatchEngine, overlapMatch, 
        readLengthDistro, writeBiotypeCounts, writeClippedNVC, 
        writeDESeq, writeDEXSeq, writeGeneBody, writeGeneCounts, 
        writeGenewiseGeneBody, writeJunctionSeqCounts, 
        writeKnownSplices, writeNovelSplices, writeSpliceExon
Checking first 10000 reads. Checking SAM file for formatting errors...
   Stats on the first 10000 reads:
        Num Reads Primary Map:    2837
        Num Reads Paired-ended:   10000
        Num Reads mapped pair:    2837
        Num Pair names found:     1446
        Num Pairs matched:        1391
        Read Seq length:          50 to 50
        Unclipped Read length:    50 to 50
        Final maxReadLength:      50
        maxPhredScore:            40
        minPhredScore:            2
   Note: Data appears to be paired-ended.
   Sorting Note: Reads are not sorted by name (This is OK).
   Sorting Note: Reads are sorted by position (This is OK).
Done checking first 10000 reads. WARNINGS FOUND!
SAMRecord Reader Generated. Read length: 50.
[Time: 2023-03-26 20:39:31] [Mem usage: [158MB / 679MB]] [Elapsed Time: 00:00:02.0576]
> Init GeneCalcs Utility
> Init InsertSize Utility
Compiling flat feature annotation, internally in memory...
FlatteningGtf: starting...(2023-03-26 20:39:47)
    FlatteningGtf: gtf file read complete.(2023-03-26 20:40:12)
    FlatteningGtf: Splice Junction Map read.(2023-03-26 20:40:13)
    FlatteningGtf: gene Sets generated.(2023-03-26 20:40:15)
    FlatteningGtf: Aggregate Sets built.
    FlatteningGtf: Compiling Aggregate Info . . . (2023-03-26 20:40:15)
    FlatteningGtf: Finished Compiling Aggregate Info. (2023-03-26 20:40:15)
    FlatteningGtf: Iterating through the step-vector...(2023-03-26 20:40:15)
    FlatteningGtf: Adding the aggregate genes themselves...(2023-03-26 20:40:17)
    FlatteningGtf: Iterating through the splice junctions...(2023-03-26 20:40:18)
    FlatteningGtf: Sorting the aggregate genes...(2023-03-26 20:40:19)
    FlatteningGtf: Folding the FlatGtfLine iterator...(2023-03-26 20:40:19)
    FlatteningGtf: Features Built.(2023-03-26 20:40:19)
Internal flat feature annotation compiled!
> Init NVC utility
> Init CigarOpDistribution Utility
> Init QualityScoreDistribution Utility
> Init GC counts Utility
> Init JunctionCalcs utility
length of knownSpliceMap after instantiation: 369079
length of knownCountMap after instantiation: 369079
> Init StrandCheck Utility
> Init chromCount Utility
> Init qcCigarLocusCounts Utility
> Init OverlapMatch Utility
> Init MinorUtils Utility
QC Utilities Generated!
[Time: 2023-03-26 20:40:24] [Mem usage: [1301MB / 3758MB]] [Elapsed Time: 00:00:55.0693]
helper_calculateGeneAssignmentMap_strict. Found: 64252 genes in the supplied annotation.
helper_calculateGeneAssignmentMap_strict. Found: 6704 genes with ambiguous segments.
helper_calculateGeneAssignmentMap_strict. Found: 57548 genes after first-pass filtering
making makeGeneIntervalMap for geneBody calculations. Found: 57548 acceptable genes for gene-body analysis.
...
NOTE: Unmatched Read Buffer Size > 100000 [Mem usage:[4092MB / 4789MB]]
    (This is generally not a problem, but if this increases further then OutOfMemoryExceptions
    may occur.
    If memory errors do occur, either increase memory allocation or sort the bam-file by name
    and rerun with the '--nameSorted' option.
    This might also indicate that your dataset contains an unusually large number of
    chimeric read-pairs. Or it could occur simply due to the presence of genomic
    loci with extremly high coverage. It may also indicate a SAM/BAM file that 
    does not adhere to the standard SAM specification.)
NOTE: Unmatched Read Buffer Size > 200000 [Mem usage:[2052MB / 4789MB]]
.......[1000000 Read-Pairs processed] [Time: 2023-03-26 20:41:14] 
..........[2000000 Read-Pairs processed] [Time: 2023-03-26 20:42:18] 
..........[3000000 Read-Pairs processed] [Time: 2023-03-26 20:43:24] 
....
NOTE: Unmatched Read Buffer Size > 400000 [Mem usage:[2811MB / 4907MB]]
.
NOTE: Unmatched Read Buffer Size > 800000 [Mem usage:[3973MB / 4907MB]]
.....[4000000 Read-Pairs processed] [Time: 2023-03-26 20:44:04] 
..........[5000000 Read-Pairs processed] [Time: 2023-03-26 20:44:59] 
..........[6000000 Read-Pairs processed] [Time: 2023-03-26 20:45:22] 
..........[7000000 Read-Pairs processed] [Time: 2023-03-26 20:46:09] 
..........[8000000 Read-Pairs processed] [Time: 2023-03-26 20:47:14] 
..........[9000000 Read-Pairs processed] [Time: 2023-03-26 20:48:15] 
..........[10000000 Read-Pairs processed] [Time: 2023-03-26 20:48:35] 
..........[11000000 Read-Pairs processed] [Time: 2023-03-26 20:49:38] 
..........[12000000 Read-Pairs processed] [Time: 2023-03-26 20:50:04] 
..........[13000000 Read-Pairs processed] [Time: 2023-03-26 20:50:09] 
..........[14000000 Read-Pairs processed] [Time: 2023-03-26 20:50:15] 
..........[15000000 Read-Pairs processed] [Time: 2023-03-26 20:50:20] 
..........[16000000 Read-Pairs processed] [Time: 2023-03-26 20:50:24] 
..........[17000000 Read-Pairs processed] [Time: 2023-03-26 20:50:31] 
..........[18000000 Read-Pairs processed] [Time: 2023-03-26 20:50:46] 
..........[19000000 Read-Pairs processed] [Time: 2023-03-26 20:52:09] 
..........[20000000 Read-Pairs processed] [Time: 2023-03-26 20:53:16] 
..........[21000000 Read-Pairs processed] [Time: 2023-03-26 20:54:16] 
..........[22000000 Read-Pairs processed] [Time: 2023-03-26 20:54:59] 
..........[23000000 Read-Pairs processed] [Time: 2023-03-26 20:55:11] 
..........[24000000 Read-Pairs processed] [Time: 2023-03-26 20:56:14] 
Finished reading SAM. Read: 24059031 reads/read-pairs.
Finished reading SAM. Used: 10281279 reads/read-pairs.
[Time: 2023-03-26 20:57:07] [Mem usage: [2974MB / 5GB]] [Elapsed Time: 00:17:39.0235]
> Read Stats:
>   READ_PAIR_OK                   10281279
>   TOTAL_READ_PAIRS               24059031
>   DROPPED_NOT_PROPER_PAIR        0
>   DROPPED_READ_FAILS_VENDOR_QC   0
>   DROPPED_MARKED_NOT_VALID       0
>   DROPPED_CHROMS_MISMATCH        0
>   DROPPED_PAIR_STRANDS_MISMATCH  0
>   DROPPED_IGNORED_CHROMOSOME     0
>   DROPPED_NOT_UNIQUE_ALIGNMENT   13777752
>   DROPPED_NO_ALN_BLOCKS   0
>   DROPPED_NOT_MARKED_RG   -1
Pre-alignment read count unknown (Set --seqReadCt or --rawfastq)
Writing Output...
DEBUG NOTE: IncludeGenesSet.size: 57548
DEBUG NOTE: sortedReadCountSeq.size: 18790
DEBUG NOTE: coverageThresholds: 9395;14092;16911;18790
DEBUG NOTE: coverageSpans: [(0,9395);(9395,14092);(14092,16911);(16911,18790)]
DEBUG NOTE:	[1.bottomHalf][0.5] = [0,9395]
DEBUG NOTE:	[2.upperMidQuartile][0.75] = [9395,14092]
DEBUG NOTE:	[3.75to90][0.9] = [14092,16911]
DEBUG NOTE:	[4.high][1.0] = [16911,18790]
      (DEBUG) Generating Biotype Map [2023-03-26 20:57:09]
      (DEBUG) Extracted gene BioType using key "gene_biotype".
              Found 0 types: []
      (DEBUG) Finished Biotype Map [2023-03-26 20:57:31]
length of knownCountMap after run: 369079
WARNING: QoRTs is unable to infer the strandedness from the data!
         This isn't a problem per-se, since QoRTs requires that strandedness
         mode be set manually. However, it might be indicative that something
         is very wrong with your dataset and/or transcript annotation.
QoRTs completed WITH WARNINGS! See log for details.
Done.
Time spent on setup:           00:00:55.0693
Time spent on SAM iteration:   00:16:43.0542
                               (0.6948187841258721 minutes per million read-pairs)
                               (1.625932597166818 minutes per million read-pairs used)
Time spent on file output:     00:00:27.0267
Total runtime:                 00:18:06.0502
Done. (Sun Mar 26 20:57:35 EDT 2023)
