Starting QoRTs v1.3.6 (Compiled Tue Sep 25 11:21:46 EDT 2018)
Starting time: (Sun Mar 26 20:57:35 EDT 2023)
INPUT_COMMAND(QC)
  INPUT_ARG(infile)=/athena/angsd/scratch/naw4005/alignments/SRR8368048_BP1.Aligned.sortedByCoord.out.bam
  INPUT_ARG(gtffile)=/athena/angsd/scratch/naw4005/hg38.ensGene.gtf
  INPUT_ARG(outdir)=/athena/angsd/scratch/naw4005/qort_out/SRR8368048_BP1/
  INPUT_ARG(stranded)=true
Created Log File: /athena/angsd/scratch/naw4005/qort_out/SRR8368048_BP1//QC.avmXbGBbS23L.log
Warning: run-in-progress file "/athena/angsd/scratch/naw4005/qort_out/SRR8368048_BP1//QC.QORTS_RUNNING" already exists. Is there another QoRTs job running?
Starting QC
[Time: 2023-03-26 20:57:35] [Mem usage: [25MB / 679MB]] [Elapsed Time: 00:00:00.0000]
QoRTs is Running in paired-end mode.
QoRTs is Running in any-sorted mode.
No parameter --genomeFA found.
NOTE: Function "overlapMatch" requires function "mismatchEngine". Adding "mismatchEngine" to the active function list...
Running functions: CigarOpDistribution, GCDistribution, GeneCalcs, InsertSize, 
        JunctionCalcs, NVC, QualityScoreDistribution, StrandCheck, 
        chromCounts, cigarLocusCounts, mismatchEngine, overlapMatch, 
        readLengthDistro, writeBiotypeCounts, writeClippedNVC, 
        writeDESeq, writeDEXSeq, writeGeneBody, writeGeneCounts, 
        writeGenewiseGeneBody, writeJunctionSeqCounts, 
        writeKnownSplices, writeNovelSplices, writeSpliceExon
Checking first 10000 reads. Checking SAM file for formatting errors...
   Stats on the first 10000 reads:
        Num Reads Primary Map:    2609
        Num Reads Paired-ended:   10000
        Num Reads mapped pair:    2609
        Num Pair names found:     1308
        Num Pairs matched:        1301
        Read Seq length:          50 to 50
        Unclipped Read length:    50 to 50
        Final maxReadLength:      50
        maxPhredScore:            40
        minPhredScore:            2
   Note: Data appears to be paired-ended.
   Sorting Note: Reads are not sorted by name (This is OK).
   Sorting Note: Reads are sorted by position (This is OK).
Done checking first 10000 reads. WARNINGS FOUND!
SAMRecord Reader Generated. Read length: 50.
[Time: 2023-03-26 20:57:38] [Mem usage: [159MB / 679MB]] [Elapsed Time: 00:00:02.0696]
> Init GeneCalcs Utility
> Init InsertSize Utility
Compiling flat feature annotation, internally in memory...
FlatteningGtf: starting...(2023-03-26 20:57:55)
    FlatteningGtf: gtf file read complete.(2023-03-26 20:58:21)
    FlatteningGtf: Splice Junction Map read.(2023-03-26 20:58:22)
    FlatteningGtf: gene Sets generated.(2023-03-26 20:58:24)
    FlatteningGtf: Aggregate Sets built.
    FlatteningGtf: Compiling Aggregate Info . . . (2023-03-26 20:58:24)
    FlatteningGtf: Finished Compiling Aggregate Info. (2023-03-26 20:58:24)
    FlatteningGtf: Iterating through the step-vector...(2023-03-26 20:58:24)
    FlatteningGtf: Adding the aggregate genes themselves...(2023-03-26 20:58:26)
    FlatteningGtf: Iterating through the splice junctions...(2023-03-26 20:58:26)
    FlatteningGtf: Sorting the aggregate genes...(2023-03-26 20:58:28)
    FlatteningGtf: Folding the FlatGtfLine iterator...(2023-03-26 20:58:28)
    FlatteningGtf: Features Built.(2023-03-26 20:58:28)
Internal flat feature annotation compiled!
> Init NVC utility
> Init CigarOpDistribution Utility
> Init QualityScoreDistribution Utility
> Init GC counts Utility
> Init JunctionCalcs utility
length of knownSpliceMap after instantiation: 369079
length of knownCountMap after instantiation: 369079
> Init StrandCheck Utility
> Init chromCount Utility
> Init qcCigarLocusCounts Utility
> Init OverlapMatch Utility
> Init MinorUtils Utility
QC Utilities Generated!
[Time: 2023-03-26 20:58:33] [Mem usage: [1330MB / 3846MB]] [Elapsed Time: 00:00:57.0534]
helper_calculateGeneAssignmentMap_strict. Found: 64252 genes in the supplied annotation.
helper_calculateGeneAssignmentMap_strict. Found: 6704 genes with ambiguous segments.
helper_calculateGeneAssignmentMap_strict. Found: 57548 genes after first-pass filtering
making makeGeneIntervalMap for geneBody calculations. Found: 57548 acceptable genes for gene-body analysis.
..........[1000000 Read-Pairs processed] [Time: 2023-03-26 21:00:00] 
..........[2000000 Read-Pairs processed] [Time: 2023-03-26 21:01:03] 
..........[3000000 Read-Pairs processed] [Time: 2023-03-26 21:02:09] 
..
NOTE: Unmatched Read Buffer Size > 100000 [Mem usage:[1929MB / 4336MB]]
    (This is generally not a problem, but if this increases further then OutOfMemoryExceptions
    may occur.
    If memory errors do occur, either increase memory allocation or sort the bam-file by name
    and rerun with the '--nameSorted' option.
    This might also indicate that your dataset contains an unusually large number of
    chimeric read-pairs. Or it could occur simply due to the presence of genomic
    loci with extremly high coverage. It may also indicate a SAM/BAM file that 
    does not adhere to the standard SAM specification.)
NOTE: Unmatched Read Buffer Size > 200000 [Mem usage:[1995MB / 4336MB]]
NOTE: Unmatched Read Buffer Size > 400000 [Mem usage:[3331MB / 4819MB]]
...
NOTE: Unmatched Read Buffer Size > 800000 [Mem usage:[3833MB / 5GB]]
.....[4000000 Read-Pairs processed] [Time: 2023-03-26 21:02:51] 
..........[5000000 Read-Pairs processed] [Time: 2023-03-26 21:03:41] 
..........[6000000 Read-Pairs processed] [Time: 2023-03-26 21:04:30] 
..........[7000000 Read-Pairs processed] [Time: 2023-03-26 21:04:46] 
..........[8000000 Read-Pairs processed] [Time: 2023-03-26 21:05:30] 
..........[9000000 Read-Pairs processed] [Time: 2023-03-26 21:06:33] 
..........[10000000 Read-Pairs processed] [Time: 2023-03-26 21:07:37] 
..........[11000000 Read-Pairs processed] [Time: 2023-03-26 21:08:20] 
..........[12000000 Read-Pairs processed] [Time: 2023-03-26 21:08:54] 
..........[13000000 Read-Pairs processed] [Time: 2023-03-26 21:09:58] 
..........[14000000 Read-Pairs processed] [Time: 2023-03-26 21:11:04] 
..........[15000000 Read-Pairs processed] [Time: 2023-03-26 21:12:05] 
..........[16000000 Read-Pairs processed] [Time: 2023-03-26 21:12:38] 
...
Finished reading SAM. Read: 16385912 reads/read-pairs.
Finished reading SAM. Used: 11940481 reads/read-pairs.
[Time: 2023-03-26 21:13:06] [Mem usage: [4726MB / 5GB]] [Elapsed Time: 00:15:31.0208]
> Read Stats:
>   READ_PAIR_OK                   11940481
>   TOTAL_READ_PAIRS               16385912
>   DROPPED_NOT_PROPER_PAIR        0
>   DROPPED_READ_FAILS_VENDOR_QC   0
>   DROPPED_MARKED_NOT_VALID       0
>   DROPPED_CHROMS_MISMATCH        0
>   DROPPED_PAIR_STRANDS_MISMATCH  0
>   DROPPED_IGNORED_CHROMOSOME     0
>   DROPPED_NOT_UNIQUE_ALIGNMENT   4445431
>   DROPPED_NO_ALN_BLOCKS   0
>   DROPPED_NOT_MARKED_RG   -1
Pre-alignment read count unknown (Set --seqReadCt or --rawfastq)
Writing Output...
DEBUG NOTE: IncludeGenesSet.size: 57548
DEBUG NOTE: sortedReadCountSeq.size: 19395
DEBUG NOTE: coverageThresholds: 9697;14546;17455;19395
DEBUG NOTE: coverageSpans: [(0,9697);(9697,14546);(14546,17455);(17455,19395)]
DEBUG NOTE:	[1.bottomHalf][0.5] = [0,9697]
DEBUG NOTE:	[2.upperMidQuartile][0.75] = [9697,14546]
DEBUG NOTE:	[3.75to90][0.9] = [14546,17455]
DEBUG NOTE:	[4.high][1.0] = [17455,19395]
      (DEBUG) Generating Biotype Map [2023-03-26 21:13:08]
      (DEBUG) Extracted gene BioType using key "gene_biotype".
              Found 0 types: []
      (DEBUG) Finished Biotype Map [2023-03-26 21:13:31]
length of knownCountMap after run: 369079
QoRTs completed WITH WARNINGS! See log for details.
Done.
Time spent on setup:           00:00:57.0534
Time spent on SAM iteration:   00:14:33.0675
                               (0.8879578994443519 minutes per million read-pairs)
                               (1.218543876080034 minutes per million read-pairs used)
Time spent on file output:     00:00:28.0808
Total runtime:                 00:16:00.0017
Done. (Sun Mar 26 21:13:35 EDT 2023)
