Starting QoRTs v1.3.6 (Compiled Tue Sep 25 11:21:46 EDT 2018)
Starting time: (Sun Mar 26 19:36:14 EDT 2023)
INPUT_COMMAND(QC)
  INPUT_ARG(infile)=/athena/angsd/scratch/naw4005/alignments/SRR8367786_control.Aligned.sortedByCoord.out.bam
  INPUT_ARG(gtffile)=/athena/angsd/scratch/naw4005/hg38.ensGene.gtf
  INPUT_ARG(outdir)=/athena/angsd/scratch/naw4005/qort_out/SRR8367786_control/
  INPUT_ARG(stranded)=true
Created Log File: /athena/angsd/scratch/naw4005/qort_out/SRR8367786_control//QC.vB04Hta6pqJT.log
Warning: run-in-progress file "/athena/angsd/scratch/naw4005/qort_out/SRR8367786_control//QC.QORTS_RUNNING" already exists. Is there another QoRTs job running?
Starting QC
[Time: 2023-03-26 19:36:14] [Mem usage: [25MB / 679MB]] [Elapsed Time: 00:00:00.0000]
QoRTs is Running in paired-end mode.
QoRTs is Running in any-sorted mode.
No parameter --genomeFA found.
NOTE: Function "overlapMatch" requires function "mismatchEngine". Adding "mismatchEngine" to the active function list...
Running functions: CigarOpDistribution, GCDistribution, GeneCalcs, InsertSize, 
        JunctionCalcs, NVC, QualityScoreDistribution, StrandCheck, 
        chromCounts, cigarLocusCounts, mismatchEngine, overlapMatch, 
        readLengthDistro, writeBiotypeCounts, writeClippedNVC, 
        writeDESeq, writeDEXSeq, writeGeneBody, writeGeneCounts, 
        writeGenewiseGeneBody, writeJunctionSeqCounts, 
        writeKnownSplices, writeNovelSplices, writeSpliceExon
Checking first 10000 reads. Checking SAM file for formatting errors...
   Stats on the first 10000 reads:
        Num Reads Primary Map:    2742
        Num Reads Paired-ended:   10000
        Num Reads mapped pair:    2742
        Num Pair names found:     1378
        Num Pairs matched:        1364
        Read Seq length:          50 to 50
        Unclipped Read length:    50 to 50
        Final maxReadLength:      50
        maxPhredScore:            40
        minPhredScore:            2
   Note: Data appears to be paired-ended.
   Sorting Note: Reads are not sorted by name (This is OK).
   Sorting Note: Reads are sorted by position (This is OK).
Done checking first 10000 reads. WARNINGS FOUND!
SAMRecord Reader Generated. Read length: 50.
[Time: 2023-03-26 19:36:17] [Mem usage: [163MB / 679MB]] [Elapsed Time: 00:00:02.0711]
> Init GeneCalcs Utility
> Init InsertSize Utility
Compiling flat feature annotation, internally in memory...
FlatteningGtf: starting...(2023-03-26 19:36:35)
    FlatteningGtf: gtf file read complete.(2023-03-26 19:37:02)
    FlatteningGtf: Splice Junction Map read.(2023-03-26 19:37:04)
    FlatteningGtf: gene Sets generated.(2023-03-26 19:37:05)
    FlatteningGtf: Aggregate Sets built.
    FlatteningGtf: Compiling Aggregate Info . . . (2023-03-26 19:37:05)
    FlatteningGtf: Finished Compiling Aggregate Info. (2023-03-26 19:37:05)
    FlatteningGtf: Iterating through the step-vector...(2023-03-26 19:37:05)
    FlatteningGtf: Adding the aggregate genes themselves...(2023-03-26 19:37:07)
    FlatteningGtf: Iterating through the splice junctions...(2023-03-26 19:37:08)
    FlatteningGtf: Sorting the aggregate genes...(2023-03-26 19:37:09)
    FlatteningGtf: Folding the FlatGtfLine iterator...(2023-03-26 19:37:09)
    FlatteningGtf: Features Built.(2023-03-26 19:37:09)
Internal flat feature annotation compiled!
> Init NVC utility
> Init CigarOpDistribution Utility
> Init QualityScoreDistribution Utility
> Init GC counts Utility
> Init JunctionCalcs utility
length of knownSpliceMap after instantiation: 369079
length of knownCountMap after instantiation: 369079
> Init StrandCheck Utility
> Init chromCount Utility
> Init qcCigarLocusCounts Utility
> Init OverlapMatch Utility
> Init MinorUtils Utility
QC Utilities Generated!
[Time: 2023-03-26 19:37:14] [Mem usage: [1952MB / 3401MB]] [Elapsed Time: 00:01:00.0430]
helper_calculateGeneAssignmentMap_strict. Found: 64252 genes in the supplied annotation.
helper_calculateGeneAssignmentMap_strict. Found: 6704 genes with ambiguous segments.
helper_calculateGeneAssignmentMap_strict. Found: 57548 genes after first-pass filtering
making makeGeneIntervalMap for geneBody calculations. Found: 57548 acceptable genes for gene-body analysis.
..........[1000000 Read-Pairs processed] [Time: 2023-03-26 19:38:38] 
..........[2000000 Read-Pairs processed] [Time: 2023-03-26 19:39:41] 
..........[3000000 Read-Pairs processed] [Time: 2023-03-26 19:40:45] 
..........[4000000 Read-Pairs processed] [Time: 2023-03-26 19:41:51] 
..........[5000000 Read-Pairs processed] [Time: 2023-03-26 19:42:50] 
NOTE: Unmatched Read Buffer Size > 100000 [Mem usage:[2872MB / 3401MB]]
    (This is generally not a problem, but if this increases further then OutOfMemoryExceptions
    may occur.
    If memory errors do occur, either increase memory allocation or sort the bam-file by name
    and rerun with the '--nameSorted' option.
    This might also indicate that your dataset contains an unusually large number of
    chimeric read-pairs. Or it could occur simply due to the presence of genomic
    loci with extremly high coverage. It may also indicate a SAM/BAM file that 
    does not adhere to the standard SAM specification.)
..........[6000000 Read-Pairs processed] [Time: 2023-03-26 19:43:46] 
..........[7000000 Read-Pairs processed] [Time: 2023-03-26 19:44:49] 
..........[8000000 Read-Pairs processed] [Time: 2023-03-26 19:45:55] 
..........[9000000 Read-Pairs processed] [Time: 2023-03-26 19:46:58] 
..........[10000000 Read-Pairs processed] [Time: 2023-03-26 19:47:56] 
..........[11000000 Read-Pairs processed] [Time: 2023-03-26 19:48:37] 
..........[12000000 Read-Pairs processed] [Time: 2023-03-26 19:49:30] 
..........[13000000 Read-Pairs processed] [Time: 2023-03-26 19:50:34] 
..........[14000000 Read-Pairs processed] [Time: 2023-03-26 19:51:38] 
..........[15000000 Read-Pairs processed] [Time: 2023-03-26 19:52:42] 
..........[16000000 Read-Pairs processed] [Time: 2023-03-26 19:53:46] 
..........[17000000 Read-Pairs processed] [Time: 2023-03-26 19:54:48] 
..........[18000000 Read-Pairs processed] [Time: 2023-03-26 19:55:43] 
.......
Finished reading SAM. Read: 18725809 reads/read-pairs.
Finished reading SAM. Used: 16363483 reads/read-pairs.
[Time: 2023-03-26 19:56:26] [Mem usage: [2832MB / 3401MB]] [Elapsed Time: 00:20:11.0668]
> Read Stats:
>   READ_PAIR_OK                   16363483
>   TOTAL_READ_PAIRS               18725809
>   DROPPED_NOT_PROPER_PAIR        0
>   DROPPED_READ_FAILS_VENDOR_QC   0
>   DROPPED_MARKED_NOT_VALID       0
>   DROPPED_CHROMS_MISMATCH        0
>   DROPPED_PAIR_STRANDS_MISMATCH  0
>   DROPPED_IGNORED_CHROMOSOME     0
>   DROPPED_NOT_UNIQUE_ALIGNMENT   2362326
>   DROPPED_NO_ALN_BLOCKS   0
>   DROPPED_NOT_MARKED_RG   -1
Pre-alignment read count unknown (Set --seqReadCt or --rawfastq)
Writing Output...
DEBUG NOTE: IncludeGenesSet.size: 57548
DEBUG NOTE: sortedReadCountSeq.size: 35933
DEBUG NOTE: coverageThresholds: 17966;26949;32339;35933
DEBUG NOTE: coverageSpans: [(0,17966);(17966,26949);(26949,32339);(32339,35933)]
DEBUG NOTE:	[1.bottomHalf][0.5] = [0,17966]
DEBUG NOTE:	[2.upperMidQuartile][0.75] = [17966,26949]
DEBUG NOTE:	[3.75to90][0.9] = [26949,32339]
DEBUG NOTE:	[4.high][1.0] = [32339,35933]
      (DEBUG) Generating Biotype Map [2023-03-26 19:56:28]
      (DEBUG) Extracted gene BioType using key "gene_biotype".
              Found 0 types: []
      (DEBUG) Finished Biotype Map [2023-03-26 19:56:55]
length of knownCountMap after run: 369079
QoRTs completed WITH WARNINGS! See log for details.
Done.
Time spent on setup:           00:01:00.0430
Time spent on SAM iteration:   00:19:11.0238
                               (1.0244328206772446 minutes per million read-pairs)
                               (1.1723258021127492 minutes per million read-pairs used)
Time spent on file output:     00:00:34.0115
Total runtime:                 00:20:45.0783
Done. (Sun Mar 26 19:57:00 EDT 2023)
