Starting QoRTs v1.3.6 (Compiled Tue Sep 25 11:21:46 EDT 2018)
Starting time: (Sun Mar 26 21:46:09 EDT 2023)
INPUT_COMMAND(QC)
  INPUT_ARG(infile)=/athena/angsd/scratch/naw4005/alignments/SRR8368072_BP1.Aligned.sortedByCoord.out.bam
  INPUT_ARG(gtffile)=/athena/angsd/scratch/naw4005/hg38.ensGene.gtf
  INPUT_ARG(outdir)=/athena/angsd/scratch/naw4005/qort_out/SRR8368072_BP1/
  INPUT_ARG(stranded)=true
Created Log File: /athena/angsd/scratch/naw4005/qort_out/SRR8368072_BP1//QC.Dq2Ej62zKokS.log
Warning: run-in-progress file "/athena/angsd/scratch/naw4005/qort_out/SRR8368072_BP1//QC.QORTS_RUNNING" already exists. Is there another QoRTs job running?
Starting QC
[Time: 2023-03-26 21:46:09] [Mem usage: [25MB / 679MB]] [Elapsed Time: 00:00:00.0000]
QoRTs is Running in paired-end mode.
QoRTs is Running in any-sorted mode.
No parameter --genomeFA found.
NOTE: Function "overlapMatch" requires function "mismatchEngine". Adding "mismatchEngine" to the active function list...
Running functions: CigarOpDistribution, GCDistribution, GeneCalcs, InsertSize, 
        JunctionCalcs, NVC, QualityScoreDistribution, StrandCheck, 
        chromCounts, cigarLocusCounts, mismatchEngine, overlapMatch, 
        readLengthDistro, writeBiotypeCounts, writeClippedNVC, 
        writeDESeq, writeDEXSeq, writeGeneBody, writeGeneCounts, 
        writeGenewiseGeneBody, writeJunctionSeqCounts, 
        writeKnownSplices, writeNovelSplices, writeSpliceExon
Checking first 10000 reads. Checking SAM file for formatting errors...
   Stats on the first 10000 reads:
        Num Reads Primary Map:    2503
        Num Reads Paired-ended:   10000
        Num Reads mapped pair:    2503
        Num Pair names found:     1253
        Num Pairs matched:        1250
        Read Seq length:          50 to 50
        Unclipped Read length:    50 to 50
        Final maxReadLength:      50
        maxPhredScore:            40
        minPhredScore:            2
   Note: Data appears to be paired-ended.
   Sorting Note: Reads are not sorted by name (This is OK).
   Sorting Note: Reads are sorted by position (This is OK).
Done checking first 10000 reads. WARNINGS FOUND!
SAMRecord Reader Generated. Read length: 50.
[Time: 2023-03-26 21:46:11] [Mem usage: [158MB / 679MB]] [Elapsed Time: 00:00:02.0545]
> Init GeneCalcs Utility
> Init InsertSize Utility
Compiling flat feature annotation, internally in memory...
FlatteningGtf: starting...(2023-03-26 21:46:30)
    FlatteningGtf: gtf file read complete.(2023-03-26 21:46:57)
    FlatteningGtf: Splice Junction Map read.(2023-03-26 21:46:59)
    FlatteningGtf: gene Sets generated.(2023-03-26 21:47:01)
    FlatteningGtf: Aggregate Sets built.
    FlatteningGtf: Compiling Aggregate Info . . . (2023-03-26 21:47:01)
    FlatteningGtf: Finished Compiling Aggregate Info. (2023-03-26 21:47:01)
    FlatteningGtf: Iterating through the step-vector...(2023-03-26 21:47:01)
    FlatteningGtf: Adding the aggregate genes themselves...(2023-03-26 21:47:02)
    FlatteningGtf: Iterating through the splice junctions...(2023-03-26 21:47:03)
    FlatteningGtf: Sorting the aggregate genes...(2023-03-26 21:47:05)
    FlatteningGtf: Folding the FlatGtfLine iterator...(2023-03-26 21:47:05)
    FlatteningGtf: Features Built.(2023-03-26 21:47:05)
Internal flat feature annotation compiled!
> Init NVC utility
> Init CigarOpDistribution Utility
> Init QualityScoreDistribution Utility
> Init GC counts Utility
> Init JunctionCalcs utility
length of knownSpliceMap after instantiation: 369079
length of knownCountMap after instantiation: 369079
> Init StrandCheck Utility
> Init chromCount Utility
> Init qcCigarLocusCounts Utility
> Init OverlapMatch Utility
> Init MinorUtils Utility
QC Utilities Generated!
[Time: 2023-03-26 21:47:10] [Mem usage: [1356MB / 3451MB]] [Elapsed Time: 00:01:00.0806]
helper_calculateGeneAssignmentMap_strict. Found: 64252 genes in the supplied annotation.
helper_calculateGeneAssignmentMap_strict. Found: 6704 genes with ambiguous segments.
helper_calculateGeneAssignmentMap_strict. Found: 57548 genes after first-pass filtering
making makeGeneIntervalMap for geneBody calculations. Found: 57548 acceptable genes for gene-body analysis.
..........[1000000 Read-Pairs processed] [Time: 2023-03-26 21:48:36] 
..........[2000000 Read-Pairs processed] [Time: 2023-03-26 21:49:40] 
..........[3000000 Read-Pairs processed] [Time: 2023-03-26 21:50:47] 
.
NOTE: Unmatched Read Buffer Size > 100000 [Mem usage:[2534MB / 3791MB]]
    (This is generally not a problem, but if this increases further then OutOfMemoryExceptions
    may occur.
    If memory errors do occur, either increase memory allocation or sort the bam-file by name
    and rerun with the '--nameSorted' option.
    This might also indicate that your dataset contains an unusually large number of
    chimeric read-pairs. Or it could occur simply due to the presence of genomic
    loci with extremly high coverage. It may also indicate a SAM/BAM file that 
    does not adhere to the standard SAM specification.)
NOTE: Unmatched Read Buffer Size > 200000 [Mem usage:[2513MB / 3791MB]]
.
NOTE: Unmatched Read Buffer Size > 400000 [Mem usage:[2920MB / 3791MB]]
........[4000000 Read-Pairs processed] [Time: 2023-03-26 21:51:34] 
..........[5000000 Read-Pairs processed] [Time: 2023-03-26 21:52:07] 
..........[6000000 Read-Pairs processed] [Time: 2023-03-26 21:53:06] 
..........[7000000 Read-Pairs processed] [Time: 2023-03-26 21:54:13] 
..........[8000000 Read-Pairs processed] [Time: 2023-03-26 21:55:19] 
..........[9000000 Read-Pairs processed] [Time: 2023-03-26 21:55:55] 
..........[10000000 Read-Pairs processed] [Time: 2023-03-26 21:56:13] 
..........[11000000 Read-Pairs processed] [Time: 2023-03-26 21:57:19] 
..........[12000000 Read-Pairs processed] [Time: 2023-03-26 21:58:26] 
..........[13000000 Read-Pairs processed] [Time: 2023-03-26 21:59:30] 
..........[14000000 Read-Pairs processed] [Time: 2023-03-26 22:00:19] 
..
Finished reading SAM. Read: 14220911 reads/read-pairs.
Finished reading SAM. Used: 10771361 reads/read-pairs.
[Time: 2023-03-26 22:00:36] [Mem usage: [3471MB / 5GB]] [Elapsed Time: 00:14:27.0394]
> Read Stats:
>   READ_PAIR_OK                   10771361
>   TOTAL_READ_PAIRS               14220911
>   DROPPED_NOT_PROPER_PAIR        0
>   DROPPED_READ_FAILS_VENDOR_QC   0
>   DROPPED_MARKED_NOT_VALID       0
>   DROPPED_CHROMS_MISMATCH        0
>   DROPPED_PAIR_STRANDS_MISMATCH  0
>   DROPPED_IGNORED_CHROMOSOME     0
>   DROPPED_NOT_UNIQUE_ALIGNMENT   3449550
>   DROPPED_NO_ALN_BLOCKS   0
>   DROPPED_NOT_MARKED_RG   -1
Pre-alignment read count unknown (Set --seqReadCt or --rawfastq)
Writing Output...
DEBUG NOTE: IncludeGenesSet.size: 57548
DEBUG NOTE: sortedReadCountSeq.size: 18629
DEBUG NOTE: coverageThresholds: 9314;13971;16766;18629
DEBUG NOTE: coverageSpans: [(0,9314);(9314,13971);(13971,16766);(16766,18629)]
DEBUG NOTE:	[1.bottomHalf][0.5] = [0,9314]
DEBUG NOTE:	[2.upperMidQuartile][0.75] = [9314,13971]
DEBUG NOTE:	[3.75to90][0.9] = [13971,16766]
DEBUG NOTE:	[4.high][1.0] = [16766,18629]
      (DEBUG) Generating Biotype Map [2023-03-26 22:00:39]
      (DEBUG) Extracted gene BioType using key "gene_biotype".
              Found 0 types: []
      (DEBUG) Finished Biotype Map [2023-03-26 22:01:05]
length of knownCountMap after run: 369079
QoRTs completed WITH WARNINGS! See log for details.
Done.
Time spent on setup:           00:01:00.0807
Time spent on SAM iteration:   00:13:26.0587
                               (0.9446183393829927 minutes per million read-pairs)
                               (1.24713426031616 minutes per million read-pairs used)
Time spent on file output:     00:00:32.0692
Total runtime:                 00:15:00.0086
Done. (Sun Mar 26 22:01:09 EDT 2023)
