Starting QoRTs v1.3.6 (Compiled Tue Sep 25 11:21:46 EDT 2018)
Starting time: (Sun Mar 26 19:17:20 EDT 2023)
INPUT_COMMAND(QC)
  INPUT_ARG(infile)=/athena/angsd/scratch/naw4005/alignments/SRR8367785_control.Aligned.sortedByCoord.out.bam
  INPUT_ARG(gtffile)=/athena/angsd/scratch/naw4005/hg38.ensGene.gtf
  INPUT_ARG(outdir)=/athena/angsd/scratch/naw4005/qort_out/SRR8367785_control/
  INPUT_ARG(stranded)=true
Created Log File: /athena/angsd/scratch/naw4005/qort_out/SRR8367785_control//QC.c1cwA1kctUHi.log
Warning: run-in-progress file "/athena/angsd/scratch/naw4005/qort_out/SRR8367785_control//QC.QORTS_RUNNING" already exists. Is there another QoRTs job running?
Starting QC
[Time: 2023-03-26 19:17:21] [Mem usage: [25MB / 679MB]] [Elapsed Time: 00:00:00.0000]
QoRTs is Running in paired-end mode.
QoRTs is Running in any-sorted mode.
No parameter --genomeFA found.
NOTE: Function "overlapMatch" requires function "mismatchEngine". Adding "mismatchEngine" to the active function list...
Running functions: CigarOpDistribution, GCDistribution, GeneCalcs, InsertSize, 
        JunctionCalcs, NVC, QualityScoreDistribution, StrandCheck, 
        chromCounts, cigarLocusCounts, mismatchEngine, overlapMatch, 
        readLengthDistro, writeBiotypeCounts, writeClippedNVC, 
        writeDESeq, writeDEXSeq, writeGeneBody, writeGeneCounts, 
        writeGenewiseGeneBody, writeJunctionSeqCounts, 
        writeKnownSplices, writeNovelSplices, writeSpliceExon
Checking first 10000 reads. Checking SAM file for formatting errors...
   Stats on the first 10000 reads:
        Num Reads Primary Map:    2645
        Num Reads Paired-ended:   10000
        Num Reads mapped pair:    2645
        Num Pair names found:     1377
        Num Pairs matched:        1268
        Read Seq length:          50 to 50
        Unclipped Read length:    50 to 50
        Final maxReadLength:      50
        maxPhredScore:            40
        minPhredScore:            2
   Note: Data appears to be paired-ended.
   Sorting Note: Reads are not sorted by name (This is OK).
   Sorting Note: Reads are sorted by position (This is OK).
Done checking first 10000 reads. WARNINGS FOUND!
SAMRecord Reader Generated. Read length: 50.
[Time: 2023-03-26 19:17:23] [Mem usage: [163MB / 679MB]] [Elapsed Time: 00:00:02.0613]
> Init GeneCalcs Utility
> Init InsertSize Utility
Compiling flat feature annotation, internally in memory...
FlatteningGtf: starting...(2023-03-26 19:17:42)
    FlatteningGtf: gtf file read complete.(2023-03-26 19:18:09)
    FlatteningGtf: Splice Junction Map read.(2023-03-26 19:18:10)
    FlatteningGtf: gene Sets generated.(2023-03-26 19:18:12)
    FlatteningGtf: Aggregate Sets built.
    FlatteningGtf: Compiling Aggregate Info . . . (2023-03-26 19:18:12)
    FlatteningGtf: Finished Compiling Aggregate Info. (2023-03-26 19:18:12)
    FlatteningGtf: Iterating through the step-vector...(2023-03-26 19:18:12)
    FlatteningGtf: Adding the aggregate genes themselves...(2023-03-26 19:18:14)
    FlatteningGtf: Iterating through the splice junctions...(2023-03-26 19:18:15)
    FlatteningGtf: Sorting the aggregate genes...(2023-03-26 19:18:16)
    FlatteningGtf: Folding the FlatGtfLine iterator...(2023-03-26 19:18:16)
    FlatteningGtf: Features Built.(2023-03-26 19:18:16)
Internal flat feature annotation compiled!
> Init NVC utility
> Init CigarOpDistribution Utility
> Init QualityScoreDistribution Utility
> Init GC counts Utility
> Init JunctionCalcs utility
length of knownSpliceMap after instantiation: 369079
length of knownCountMap after instantiation: 369079
> Init StrandCheck Utility
> Init chromCount Utility
> Init qcCigarLocusCounts Utility
> Init OverlapMatch Utility
> Init MinorUtils Utility
QC Utilities Generated!
[Time: 2023-03-26 19:18:21] [Mem usage: [1371MB / 3225MB]] [Elapsed Time: 00:01:00.0369]
helper_calculateGeneAssignmentMap_strict. Found: 64252 genes in the supplied annotation.
helper_calculateGeneAssignmentMap_strict. Found: 6704 genes with ambiguous segments.
helper_calculateGeneAssignmentMap_strict. Found: 57548 genes after first-pass filtering
making makeGeneIntervalMap for geneBody calculations. Found: 57548 acceptable genes for gene-body analysis.
..........[1000000 Read-Pairs processed] [Time: 2023-03-26 19:19:45] 
..........[2000000 Read-Pairs processed] [Time: 2023-03-26 19:20:48] 
..........[3000000 Read-Pairs processed] [Time: 2023-03-26 19:21:52] 
..........[4000000 Read-Pairs processed] [Time: 2023-03-26 19:22:56] 
..
NOTE: Unmatched Read Buffer Size > 100000 [Mem usage:[3075MB / 4156MB]]
    (This is generally not a problem, but if this increases further then OutOfMemoryExceptions
    may occur.
    If memory errors do occur, either increase memory allocation or sort the bam-file by name
    and rerun with the '--nameSorted' option.
    This might also indicate that your dataset contains an unusually large number of
    chimeric read-pairs. Or it could occur simply due to the presence of genomic
    loci with extremly high coverage. It may also indicate a SAM/BAM file that 
    does not adhere to the standard SAM specification.)
NOTE: Unmatched Read Buffer Size > 200000 [Mem usage:[2863MB / 4156MB]]
........[5000000 Read-Pairs processed] [Time: 2023-03-26 19:23:33] 
..........[6000000 Read-Pairs processed] [Time: 2023-03-26 19:24:33] 
..........[7000000 Read-Pairs processed] [Time: 2023-03-26 19:25:36] 
..........[8000000 Read-Pairs processed] [Time: 2023-03-26 19:26:43] 
..........[9000000 Read-Pairs processed] [Time: 2023-03-26 19:27:47] 
..........[10000000 Read-Pairs processed] [Time: 2023-03-26 19:28:18] 
..........[11000000 Read-Pairs processed] [Time: 2023-03-26 19:28:57] 
..........[12000000 Read-Pairs processed] [Time: 2023-03-26 19:30:00] 
..........[13000000 Read-Pairs processed] [Time: 2023-03-26 19:31:04] 
..........[14000000 Read-Pairs processed] [Time: 2023-03-26 19:32:10] 
..........[15000000 Read-Pairs processed] [Time: 2023-03-26 19:33:15] 
..........[16000000 Read-Pairs processed] [Time: 2023-03-26 19:34:15] 
..........[17000000 Read-Pairs processed] [Time: 2023-03-26 19:35:14] 
....
Finished reading SAM. Read: 17412443 reads/read-pairs.
Finished reading SAM. Used: 14449481 reads/read-pairs.
[Time: 2023-03-26 19:35:40] [Mem usage: [3392MB / 4156MB]] [Elapsed Time: 00:18:19.0405]
> Read Stats:
>   READ_PAIR_OK                   14449481
>   TOTAL_READ_PAIRS               17412443
>   DROPPED_NOT_PROPER_PAIR        0
>   DROPPED_READ_FAILS_VENDOR_QC   0
>   DROPPED_MARKED_NOT_VALID       0
>   DROPPED_CHROMS_MISMATCH        0
>   DROPPED_PAIR_STRANDS_MISMATCH  0
>   DROPPED_IGNORED_CHROMOSOME     0
>   DROPPED_NOT_UNIQUE_ALIGNMENT   2962962
>   DROPPED_NO_ALN_BLOCKS   0
>   DROPPED_NOT_MARKED_RG   -1
Pre-alignment read count unknown (Set --seqReadCt or --rawfastq)
Writing Output...
DEBUG NOTE: IncludeGenesSet.size: 57548
DEBUG NOTE: sortedReadCountSeq.size: 32840
DEBUG NOTE: coverageThresholds: 16420;24630;29556;32840
DEBUG NOTE: coverageSpans: [(0,16420);(16420,24630);(24630,29556);(29556,32840)]
DEBUG NOTE:	[1.bottomHalf][0.5] = [0,16420]
DEBUG NOTE:	[2.upperMidQuartile][0.75] = [16420,24630]
DEBUG NOTE:	[3.75to90][0.9] = [24630,29556]
DEBUG NOTE:	[4.high][1.0] = [29556,32840]
      (DEBUG) Generating Biotype Map [2023-03-26 19:35:43]
      (DEBUG) Extracted gene BioType using key "gene_biotype".
              Found 0 types: []
      (DEBUG) Finished Biotype Map [2023-03-26 19:36:09]
length of knownCountMap after run: 369079
QoRTs completed WITH WARNINGS! See log for details.
Done.
Time spent on setup:           00:01:00.0369
Time spent on SAM iteration:   00:17:19.0036
                               (0.9944995464833204 minutes per million read-pairs)
                               (1.1984282803421566 minutes per million read-pairs used)
Time spent on file output:     00:00:33.0421
Total runtime:                 00:18:52.0826
Done. (Sun Mar 26 19:36:13 EDT 2023)
